<?xml version="1.0" encoding="UTF-8"?>
<!-- Generated by org.testng.reporters.JUnitXMLReporter -->
<testsuite hostname="PU-Ps22750" ignored="7" name="Surefire test" tests="2" failures="0" timestamp="31 Dec 2019 13:18:54 GMT" time="119.194" errors="0">
  <testcase name="verifyCreateLoginDetails" time="0.809" classname="pages.AddEmployeeTest"/>
  <testcase name="verifyPageLoad" time="0.123" classname="pages.AddEmployeeTest"/>
  <testcase name="verifyEmployeeRowList" time="0.0" classname="pages.EmployeeListTest">
    <ignored/>
  </testcase> <!-- verifyEmployeeRowList -->
  <testcase name="validatePageLoad" time="0.0" classname="pages.LoginPageTest">
    <ignored/>
  </testcase> <!-- validatePageLoad -->
  <testcase name="loginTest" time="0.0" classname="pages.LoginPageTest">
    <ignored/>
  </testcase> <!-- loginTest -->
  <testcase name="verifyEmployeeList" time="0.0" classname="pages.EmployeeListTest">
    <ignored/>
  </testcase> <!-- verifyEmployeeList -->
  <testcase name="verifyEmpListByExcel" time="0.0" classname="pages.EmployeeListTest">
    <ignored/>
  </testcase> <!-- verifyEmpListByExcel -->
  <testcase name="verifyMsg" time="0.0" classname="pages.LoginPageTest">
    <ignored/>
  </testcase> <!-- verifyMsg -->
  <testcase name="getTitle" time="0.0" classname="pages.LoginPageTest">
    <ignored/>
  </testcase> <!-- getTitle -->
</testsuite> <!-- Surefire test -->
