<?xml version="1.0" encoding="UTF-8"?>
<testsuite xmlns:xsi="http://www.w3.org/2001/XMLSchema-instance" xsi:schemaLocation="https://maven.apache.org/surefire/maven-surefire-plugin/xsd/surefire-test-report.xsd" name="pages.LoginPageTest" time="181.965" tests="8" errors="0" skipped="1" failures="1">
  <properties>
[...]
</properties>
  <testcase name="loginTest" classname="pages.LoginPageTest" time="9.496"/>
  <testcase name="loginTest" classname="pages.LoginPageTest" time="21.927">
    <failure message="Unable to locate element: {&quot;method&quot;:&quot;css selector&quot;,&quot;selector&quot;:&quot;span#spanMessage&quot;}&#10;Command duration or timeout: 15.12 seconds&#10;For documentation on this error, please visit: http://seleniumhq.org/exceptions/no_such_element.html&#10;Build info: version: &apos;2.45.0&apos;, revision: &apos;5017cb8e7ca8e37638dc3091b2440b90a1d8686f&apos;, time: &apos;2015-02-27 09:10:26&apos;&#10;System info: host: &apos;PU-Ps22750&apos;, ip: &apos;10.29.121.156&apos;, os.name: &apos;Windows 10&apos;, os.arch: &apos;amd64&apos;, os.version: &apos;10.0&apos;, java.version: &apos;1.8.0_231&apos;&#10;Driver info: org.openqa.selenium.firefox.FirefoxDriver&#10;Capabilities [{applicationCacheEnabled=true, rotatable=false, handlesAlerts=true, databaseEnabled=true, version=41.0.1, platform=WINDOWS, nativeEvents=false, acceptSslCerts=true, webStorageEnabled=true, locationContextEnabled=true, browserName=firefox, takesScreenshot=true, javascriptEnabled=true, cssSelectorsEnabled=true}]&#10;Session ID: 6cdcb868-4f87-4800-8f05-8e1b3f2af94c&#10;*** Element info: {Using=css selector, value=span#spanMessage}" type="org.openqa.selenium.NoSuchElementException">org.openqa.selenium.NoSuchElementException: 
Unable to locate element: {"method":"css selector","selector":"span#spanMessage"}
Command duration or timeout: 15.12 seconds
For documentation on this error, please visit: http://seleniumhq.org/exceptions/no_such_element.html
Build info: version: '2.45.0', revision: '5017cb8e7ca8e37638dc3091b2440b90a1d8686f', time: '2015-02-27 09:10:26'
System info: host: 'PU-Ps22750', ip: '10.29.121.156', os.name: 'Windows 10', os.arch: 'amd64', os.version: '10.0', java.version: '1.8.0_231'
Driver info: org.openqa.selenium.firefox.FirefoxDriver
Capabilities [{applicationCacheEnabled=true, rotatable=false, handlesAlerts=true, databaseEnabled=true, version=41.0.1, platform=WINDOWS, nativeEvents=false, acceptSslCerts=true, webStorageEnabled=true, locationContextEnabled=true, browserName=firefox, takesScreenshot=true, javascriptEnabled=true, cssSelectorsEnabled=true}]
Session ID: 6cdcb868-4f87-4800-8f05-8e1b3f2af94c
*** Element info: {Using=css selector, value=span#spanMessage}
	at pages.LoginPageTest.loginTest(LoginPageTest.java:63)
Caused by: org.openqa.selenium.NoSuchElementException: 
Unable to locate element: {"method":"css selector","selector":"span#spanMessage"}
For documentation on this error, please visit: http://seleniumhq.org/exceptions/no_such_element.html
Build info: version: '2.45.0', revision: '5017cb8e7ca8e37638dc3091b2440b90a1d8686f', time: '2015-02-27 09:10:26'
System info: host: 'PU-Ps22750', ip: '10.29.121.156', os.name: 'Windows 10', os.arch: 'amd64', os.version: '10.0', java.version: '1.8.0_231'
Driver info: driver.version: unknown
</failure>
    <system-out><![CDATA[project path: C:\Users\PS22750\eclipse-workspace\OrangeHRM
path is: C:\Users\PS22750\eclipse-workspace\OrangeHRM\src\main\resources\config\BrowserConfig.properties
beforeChangeValueOf
beforeChangeValueOf
project path: C:\Users\PS22750\eclipse-workspace\OrangeHRM
path is: C:\Users\PS22750\eclipse-workspace\OrangeHRM\src\main\resources\config\BrowserConfig.properties
]]></system-out>
  </testcase>
  <testcase name="loginTest" classname="pages.LoginPageTest" time="1.366"/>
  <testcase name="loginTest" classname="pages.LoginPageTest" time="1.629"/>
  <testcase name="loginTest" classname="pages.LoginPageTest" time="1.337"/>
  <testcase name="verifyMsg" classname="pages.LoginPageTest" time="0">
    <skipped message="Method LoginPageTest.verifyMsg(java.lang.String, java.lang.String)[pri:0, instance:pages.LoginPageTest@9629756] depends on not successfully finished methods"/>
  </testcase>
  <testcase name="getTitle" classname="pages.LoginPageTest" time="0.139"/>
  <testcase name="validatePageLoad" classname="pages.LoginPageTest" time="0.549"/>
</testsuite>