<?xml version="1.0" encoding="UTF-8"?>
<testng-results skipped="0" failed="0" ignored="7" total="9" passed="2">
  <reporter-output>
  </reporter-output>
  <suite name="Surefire suite" duration-ms="119194" started-at="2019-12-31T13:16:55Z" finished-at="2019-12-31T13:18:54Z">
    <groups>
    </groups>
    <test name="Surefire test" duration-ms="119194" started-at="2019-12-31T13:16:55Z" finished-at="2019-12-31T13:18:54Z">
      <class name="pages.AddEmployeeTest">
        <test-method status="PASS" signature="setUp()[pri:0, instance:pages.AddEmployeeTest@51565ec2]" name="setUp" is-config="true" duration-ms="63313" started-at="2019-12-31T13:16:55Z" finished-at="2019-12-31T13:17:58Z">
          <reporter-output>
          </reporter-output>
        </test-method> <!-- setUp -->
        <test-method status="PASS" signature="verifyCreateLoginDetails()[pri:0, instance:pages.AddEmployeeTest@51565ec2]" name="verifyCreateLoginDetails" duration-ms="809" started-at="2019-12-31T13:17:58Z" finished-at="2019-12-31T13:17:59Z">
          <reporter-output>
          </reporter-output>
        </test-method> <!-- verifyCreateLoginDetails -->
        <test-method status="PASS" signature="tearDown()[pri:0, instance:pages.AddEmployeeTest@51565ec2]" name="tearDown" is-config="true" duration-ms="47" started-at="2019-12-31T13:17:59Z" finished-at="2019-12-31T13:17:59Z">
          <reporter-output>
          </reporter-output>
        </test-method> <!-- tearDown -->
        <test-method status="PASS" signature="setUp()[pri:0, instance:pages.AddEmployeeTest@51565ec2]" name="setUp" is-config="true" duration-ms="54797" started-at="2019-12-31T13:17:59Z" finished-at="2019-12-31T13:18:54Z">
          <reporter-output>
          </reporter-output>
        </test-method> <!-- setUp -->
        <test-method status="PASS" signature="verifyPageLoad()[pri:0, instance:pages.AddEmployeeTest@51565ec2]" name="verifyPageLoad" duration-ms="123" started-at="2019-12-31T13:18:54Z" finished-at="2019-12-31T13:18:54Z">
          <reporter-output>
          </reporter-output>
        </test-method> <!-- verifyPageLoad -->
        <test-method status="PASS" signature="tearDown()[pri:0, instance:pages.AddEmployeeTest@51565ec2]" name="tearDown" is-config="true" duration-ms="66" started-at="2019-12-31T13:18:54Z" finished-at="2019-12-31T13:18:54Z">
          <reporter-output>
          </reporter-output>
        </test-method> <!-- tearDown -->
      </class> <!-- pages.AddEmployeeTest -->
    </test> <!-- Surefire test -->
  </suite> <!-- Surefire suite -->
</testng-results>
